# JRE version: OpenJDK Runtime Environment Temurin-17.0.10+7 (17.0.10+7) (build 17.0.10+7)
# Java VM: OpenJDK 64-Bit Server VM Temurin-17.0.10+7 (17.0.10+7, mixed mode, tiered, compressed oops, compressed class ptrs, parallel gc, windows-amd64)
GC Precious Log:
 CPUs: 16 total, 16 available
 Memory: 32472M
 Large Page Support: Disabled
 NUMA Support: Disabled
 Compressed Oops: Enabled (32-bit)
 Alignments: Space 512K, Generation 512K, Heap 2M
 Heap Min Capacity: 100M
 Heap Initial Capacity: 100M
 Heap Max Capacity: 1G
 Pre-touch: Disabled
 Parallel Workers: 13
Heap:
 PSYoungGen      total 3584K, used 979K [0x00000000eab00000, 0x00000000eb080000, 0x0000000100000000)
  eden space 3072K, 24% used [0x00000000eab00000,0x00000000eabbcd80,0x00000000eae00000)
  from space 512K, 43% used [0x00000000eae80000,0x00000000eaeb8000,0x00000000eaf00000)
  to   space 1024K, 0% used [0x00000000eaf80000,0x00000000eaf80000,0x00000000eb080000)
 ParOldGen       total 142848K, used 113910K [0x00000000c0000000, 0x00000000c8b80000, 0x00000000eab00000)
  object space 142848K, 79% used [0x00000000c0000000,0x00000000c6f3dbc8,0x00000000c8b80000)
 Metaspace       used 79465K, committed 80896K, reserved 1179648K
  class space    used 8123K, committed 8704K, reserved 1048576K
GC Heap History (20 events):
Event: 435.046 GC heap before
{Heap before GC invocations=109 (full 7):
 PSYoungGen      total 5632K, used 5608K [0x00000000eab00000, 0x00000000eb580000, 0x0000000100000000)
  eden space 2560K, 100% used [0x00000000eab00000,0x00000000ead80000,0x00000000ead80000)
  from space 3072K, 99% used [0x00000000eb000000,0x00000000eb2fa200,0x00000000eb300000)
  to   space 2560K, 0% used [0x00000000eb300000,0x00000000eb300000,0x00000000eb580000)
 ParOldGen       total 142848K, used 104225K [0x00000000c0000000, 0x00000000c8b80000, 0x00000000eab00000)
  object space 142848K, 72% used [0x00000000c0000000,0x00000000c65c8450,0x00000000c8b80000)
 Metaspace       used 79439K, committed 80832K, reserved 1179648K
  class space    used 8122K, committed 8704K, reserved 1048576K
}
Event: 435.051 GC heap after
{Heap after GC invocations=109 (full 7):
 PSYoungGen      total 5632K, used 2543K [0x00000000eab00000, 0x00000000eb580000, 0x0000000100000000)
  eden space 3072K, 0% used [0x00000000eab00000,0x00000000eab00000,0x00000000eae00000)
  from space 2560K, 99% used [0x00000000eb300000,0x00000000eb57bdb8,0x00000000eb580000)
  to   space 3584K, 0% used [0x00000000eae80000,0x00000000eae80000,0x00000000eb200000)
 ParOldGen       total 142848K, used 105217K [0x00000000c0000000, 0x00000000c8b80000, 0x00000000eab00000)
  object space 142848K, 73% used [0x00000000c0000000,0x00000000c66c0450,0x00000000c8b80000)
 Metaspace       used 79439K, committed 80832K, reserved 1179648K
  class space    used 8122K, committed 8704K, reserved 1048576K
}
Event: 435.089 GC heap before
{Heap before GC invocations=110 (full 7):
 PSYoungGen      total 5632K, used 5615K [0x00000000eab00000, 0x00000000eb580000, 0x0000000100000000)
  eden space 3072K, 100% used [0x00000000eab00000,0x00000000eae00000,0x00000000eae00000)
  from space 2560K, 99% used [0x00000000eb300000,0x00000000eb57bdb8,0x00000000eb580000)
  to   space 3584K, 0% used [0x00000000eae80000,0x00000000eae80000,0x00000000eb200000)
 ParOldGen       total 142848K, used 105217K [0x00000000c0000000, 0x00000000c8b80000, 0x00000000eab00000)
  object space 142848K, 73% used [0x00000000c0000000,0x00000000c66c0450,0x00000000c8b80000)
 Metaspace       used 79462K, committed 80896K, reserved 1179648K
  class space    used 8123K, committed 8704K, reserved 1048576K
}
Event: 435.092 GC heap after
{Heap after GC invocations=110 (full 7):
 PSYoungGen      total 7168K, used 3535K [0x00000000eab00000, 0x00000000eb600000, 0x0000000100000000)
  eden space 3584K, 0% used [0x00000000eab00000,0x00000000eab00000,0x00000000eae80000)
  from space 3584K, 98% used [0x00000000eae80000,0x00000000eb1f3f40,0x00000000eb200000)
  to   space 3584K, 0% used [0x00000000eb280000,0x00000000eb280000,0x00000000eb600000)
 ParOldGen       total 142848K, used 105718K [0x00000000c0000000, 0x00000000c8b80000, 0x00000000eab00000)
  object space 142848K, 74% used [0x00000000c0000000,0x00000000c673da50,0x00000000c8b80000)
 Metaspace       used 79462K, committed 80896K, reserved 1179648K
  class space    used 8123K, committed 8704K, reserved 1048576K
}
Event: 435.104 GC heap before
{Heap before GC invocations=111 (full 7):
 PSYoungGen      total 7168K, used 7119K [0x00000000eab00000, 0x00000000eb600000, 0x0000000100000000)
  eden space 3584K, 100% used [0x00000000eab00000,0x00000000eae80000,0x00000000eae80000)
  from space 3584K, 98% used [0x00000000eae80000,0x00000000eb1f3f40,0x00000000eb200000)
  to   space 3584K, 0% used [0x00000000eb280000,0x00000000eb280000,0x00000000eb600000)
 ParOldGen       total 142848K, used 105718K [0x00000000c0000000, 0x00000000c8b80000, 0x00000000eab00000)
  object space 142848K, 74% used [0x00000000c0000000,0x00000000c673da50,0x00000000c8b80000)
 Metaspace       used 79462K, committed 80896K, reserved 1179648K
  class space    used 8123K, committed 8704K, reserved 1048576K
}
Event: 435.109 GC heap after
{Heap after GC invocations=111 (full 7):
 PSYoungGen      total 4096K, used 3554K [0x00000000eab00000, 0x00000000ebe80000, 0x0000000100000000)
  eden space 512K, 0% used [0x00000000eab00000,0x00000000eab00000,0x00000000eab80000)
  from space 3584K, 99% used [0x00000000eb280000,0x00000000eb5f8940,0x00000000eb600000)
  to   space 7168K, 0% used [0x00000000eab80000,0x00000000eab80000,0x00000000eb280000)
 ParOldGen       total 142848K, used 108875K [0x00000000c0000000, 0x00000000c8b80000, 0x00000000eab00000)
  object space 142848K, 76% used [0x00000000c0000000,0x00000000c6a52c50,0x00000000c8b80000)
 Metaspace       used 79462K, committed 80896K, reserved 1179648K
  class space    used 8123K, committed 8704K, reserved 1048576K
}
Event: 435.112 GC heap before
{Heap before GC invocations=112 (full 7):
 PSYoungGen      total 4096K, used 3944K [0x00000000eab00000, 0x00000000ebe80000, 0x0000000100000000)
  eden space 512K, 76% used [0x00000000eab00000,0x00000000eab61a98,0x00000000eab80000)
  from space 3584K, 99% used [0x00000000eb280000,0x00000000eb5f8940,0x00000000eb600000)
  to   space 7168K, 0% used [0x00000000eab80000,0x00000000eab80000,0x00000000eb280000)
 ParOldGen       total 142848K, used 108875K [0x00000000c0000000, 0x00000000c8b80000, 0x00000000eab00000)
  object space 142848K, 76% used [0x00000000c0000000,0x00000000c6a52c50,0x00000000c8b80000)
 Metaspace       used 79462K, committed 80896K, reserved 1179648K
  class space    used 8123K, committed 8704K, reserved 1048576K
}
Event: 435.114 GC heap after
{Heap after GC invocations=112 (full 7):
 PSYoungGen      total 5120K, used 4126K [0x00000000eab00000, 0x00000000eb600000, 0x0000000100000000)
  eden space 512K, 0% used [0x00000000eab00000,0x00000000eab00000,0x00000000eab80000)
  from space 4608K, 89% used [0x00000000eab80000,0x00000000eaf87960,0x00000000eb000000)
  to   space 5120K, 0% used [0x00000000eb100000,0x00000000eb100000,0x00000000eb600000)
 ParOldGen       total 142848K, used 108875K [0x00000000c0000000, 0x00000000c8b80000, 0x00000000eab00000)
  object space 142848K, 76% used [0x00000000c0000000,0x00000000c6a52c50,0x00000000c8b80000)
 Metaspace       used 79462K, committed 80896K, reserved 1179648K
  class space    used 8123K, committed 8704K, reserved 1048576K
}
Event: 435.118 GC heap before
{Heap before GC invocations=113 (full 7):
 PSYoungGen      total 5120K, used 4521K [0x00000000eab00000, 0x00000000eb600000, 0x0000000100000000)
  eden space 512K, 77% used [0x00000000eab00000,0x00000000eab62d18,0x00000000eab80000)
  from space 4608K, 89% used [0x00000000eab80000,0x00000000eaf87960,0x00000000eb000000)
  to   space 5120K, 0% used [0x00000000eb100000,0x00000000eb100000,0x00000000eb600000)
 ParOldGen       total 142848K, used 108875K [0x00000000c0000000, 0x00000000c8b80000, 0x00000000eab00000)
  object space 142848K, 76% used [0x00000000c0000000,0x00000000c6a52c50,0x00000000c8b80000)
 Metaspace       used 79462K, committed 80896K, reserved 1179648K
  class space    used 8123K, committed 8704K, reserved 1048576K
}
Event: 435.121 GC heap after
{Heap after GC invocations=113 (full 7):
 PSYoungGen      total 5632K, used 4206K [0x00000000eab00000, 0x00000000eb580000, 0x0000000100000000)
  eden space 1024K, 0% used [0x00000000eab00000,0x00000000eab00000,0x00000000eac00000)
  from space 4608K, 91% used [0x00000000eb100000,0x00000000eb51b970,0x00000000eb580000)
  to   space 4608K, 0% used [0x00000000eac80000,0x00000000eac80000,0x00000000eb100000)
 ParOldGen       total 142848K, used 109035K [0x00000000c0000000, 0x00000000c8b80000, 0x00000000eab00000)
  object space 142848K, 76% used [0x00000000c0000000,0x00000000c6a7ac50,0x00000000c8b80000)
 Metaspace       used 79462K, committed 80896K, reserved 1179648K
  class space    used 8123K, committed 8704K, reserved 1048576K
}
Event: 435.161 GC heap before
{Heap before GC invocations=114 (full 7):
 PSYoungGen      total 5632K, used 5230K [0x00000000eab00000, 0x00000000eb580000, 0x0000000100000000)
  eden space 1024K, 100% used [0x00000000eab00000,0x00000000eac00000,0x00000000eac00000)
  from space 4608K, 91% used [0x00000000eb100000,0x00000000eb51b970,0x00000000eb580000)
  to   space 4608K, 0% used [0x00000000eac80000,0x00000000eac80000,0x00000000eb100000)
 ParOldGen       total 142848K, used 109035K [0x00000000c0000000, 0x00000000c8b80000, 0x00000000eab00000)
  object space 142848K, 76% used [0x00000000c0000000,0x00000000c6a7ac50,0x00000000c8b80000)
 Metaspace       used 79462K, committed 80896K, reserved 1179648K
  class space    used 8123K, committed 8704K, reserved 1048576K
}
Event: 435.164 GC heap after
{Heap after GC invocations=114 (full 7):
 PSYoungGen      total 6144K, used 4597K [0x00000000eab00000, 0x00000000eb680000, 0x0000000100000000)
  eden space 1536K, 0% used [0x00000000eab00000,0x00000000eab00000,0x00000000eac80000)
  from space 4608K, 99% used [0x00000000eac80000,0x00000000eb0fd5d0,0x00000000eb100000)
  to   space 5120K, 0% used [0x00000000eb180000,0x00000000eb180000,0x00000000eb680000)
 ParOldGen       total 142848K, used 109315K [0x00000000c0000000, 0x00000000c8b80000, 0x00000000eab00000)
  object space 142848K, 76% used [0x00000000c0000000,0x00000000c6ac0e80,0x00000000c8b80000)
 Metaspace       used 79462K, committed 80896K, reserved 1179648K
  class space    used 8123K, committed 8704K, reserved 1048576K
}
Event: 435.188 GC heap before
{Heap before GC invocations=115 (full 7):
 PSYoungGen      total 6144K, used 6128K [0x00000000eab00000, 0x00000000eb680000, 0x0000000100000000)
  eden space 1536K, 99% used [0x00000000eab00000,0x00000000eac7ec08,0x00000000eac80000)
  from space 4608K, 99% used [0x00000000eac80000,0x00000000eb0fd5d0,0x00000000eb100000)
  to   space 5120K, 0% used [0x00000000eb180000,0x00000000eb180000,0x00000000eb680000)
 ParOldGen       total 142848K, used 109315K [0x00000000c0000000, 0x00000000c8b80000, 0x00000000eab00000)
  object space 142848K, 76% used [0x00000000c0000000,0x00000000c6ac0e80,0x00000000c8b80000)
 Metaspace       used 79463K, committed 80896K, reserved 1179648K
  class space    used 8123K, committed 8704K, reserved 1048576K
}
Event: 435.191 GC heap after
{Heap after GC invocations=115 (full 7):
 PSYoungGen      total 6656K, used 4095K [0x00000000eab00000, 0x00000000eb600000, 0x0000000100000000)
  eden space 2048K, 0% used [0x00000000eab00000,0x00000000eab00000,0x00000000ead00000)
  from space 4608K, 88% used [0x00000000eb180000,0x00000000eb57fcb0,0x00000000eb600000)
  to   space 4608K, 0% used [0x00000000ead00000,0x00000000ead00000,0x00000000eb180000)
 ParOldGen       total 142848K, used 109886K [0x00000000c0000000, 0x00000000c8b80000, 0x00000000eab00000)
  object space 142848K, 76% used [0x00000000c0000000,0x00000000c6b4fb10,0x00000000c8b80000)
 Metaspace       used 79463K, committed 80896K, reserved 1179648K
  class space    used 8123K, committed 8704K, reserved 1048576K
}
Event: 435.304 GC heap before
{Heap before GC invocations=116 (full 7):
 PSYoungGen      total 6656K, used 6143K [0x00000000eab00000, 0x00000000eb600000, 0x0000000100000000)
  eden space 2048K, 99% used [0x00000000eab00000,0x00000000eacffff8,0x00000000ead00000)
  from space 4608K, 88% used [0x00000000eb180000,0x00000000eb57fcb0,0x00000000eb600000)
  to   space 4608K, 0% used [0x00000000ead00000,0x00000000ead00000,0x00000000eb180000)
 ParOldGen       total 142848K, used 109886K [0x00000000c0000000, 0x00000000c8b80000, 0x00000000eab00000)
  object space 142848K, 76% used [0x00000000c0000000,0x00000000c6b4fb10,0x00000000c8b80000)
 Metaspace       used 79463K, committed 80896K, reserved 1179648K
  class space    used 8123K, committed 8704K, reserved 1048576K
}
Event: 435.308 GC heap after
{Heap after GC invocations=116 (full 7):
 PSYoungGen      total 3584K, used 1400K [0x00000000eab00000, 0x00000000eb280000, 0x0000000100000000)
  eden space 2048K, 0% used [0x00000000eab00000,0x00000000eab00000,0x00000000ead00000)
  from space 1536K, 91% used [0x00000000ead00000,0x00000000eae5e000,0x00000000eae80000)
  to   space 2560K, 0% used [0x00000000eb000000,0x00000000eb000000,0x00000000eb280000)
 ParOldGen       total 142848K, used 112597K [0x00000000c0000000, 0x00000000c8b80000, 0x00000000eab00000)
  object space 142848K, 78% used [0x00000000c0000000,0x00000000c6df57c0,0x00000000c8b80000)
 Metaspace       used 79463K, committed 80896K, reserved 1179648K
  class space    used 8123K, committed 8704K, reserved 1048576K
}
Event: 435.405 GC heap before
{Heap before GC invocations=117 (full 7):
 PSYoungGen      total 3584K, used 3448K [0x00000000eab00000, 0x00000000eb280000, 0x0000000100000000)
  eden space 2048K, 100% used [0x00000000eab00000,0x00000000ead00000,0x00000000ead00000)
  from space 1536K, 91% used [0x00000000ead00000,0x00000000eae5e000,0x00000000eae80000)
  to   space 2560K, 0% used [0x00000000eb000000,0x00000000eb000000,0x00000000eb280000)
 ParOldGen       total 142848K, used 112597K [0x00000000c0000000, 0x00000000c8b80000, 0x00000000eab00000)
  object space 142848K, 78% used [0x00000000c0000000,0x00000000c6df57c0,0x00000000c8b80000)
 Metaspace       used 79463K, committed 80896K, reserved 1179648K
  class space    used 8123K, committed 8704K, reserved 1048576K
}
Event: 435.409 GC heap after
{Heap after GC invocations=117 (full 7):
 PSYoungGen      total 4096K, used 1208K [0x00000000eab00000, 0x00000000eb180000, 0x0000000100000000)
  eden space 2560K, 0% used [0x00000000eab00000,0x00000000eab00000,0x00000000ead80000)
  from space 1536K, 78% used [0x00000000eb000000,0x00000000eb12e000,0x00000000eb180000)
  to   space 1536K, 0% used [0x00000000eae80000,0x00000000eae80000,0x00000000eb000000)
 ParOldGen       total 142848K, used 112989K [0x00000000c0000000, 0x00000000c8b80000, 0x00000000eab00000)
  object space 142848K, 79% used [0x00000000c0000000,0x00000000c6e577c0,0x00000000c8b80000)
 Metaspace       used 79463K, committed 80896K, reserved 1179648K
  class space    used 8123K, committed 8704K, reserved 1048576K
}
Event: 435.533 GC heap before
{Heap before GC invocations=118 (full 7):
 PSYoungGen      total 4096K, used 3768K [0x00000000eab00000, 0x00000000eb180000, 0x0000000100000000)
  eden space 2560K, 100% used [0x00000000eab00000,0x00000000ead80000,0x00000000ead80000)
  from space 1536K, 78% used [0x00000000eb000000,0x00000000eb12e000,0x00000000eb180000)
  to   space 1536K, 0% used [0x00000000eae80000,0x00000000eae80000,0x00000000eb000000)
 ParOldGen       total 142848K, used 112989K [0x00000000c0000000, 0x00000000c8b80000, 0x00000000eab00000)
  object space 142848K, 79% used [0x00000000c0000000,0x00000000c6e577c0,0x00000000c8b80000)
 Metaspace       used 79465K, committed 80896K, reserved 1179648K
  class space    used 8123K, committed 8704K, reserved 1048576K
}
Event: 435.535 GC heap after
{Heap after GC invocations=118 (full 7):
 PSYoungGen      total 3584K, used 224K [0x00000000eab00000, 0x00000000eb080000, 0x0000000100000000)
  eden space 3072K, 0% used [0x00000000eab00000,0x00000000eab00000,0x00000000eae00000)
  from space 512K, 43% used [0x00000000eae80000,0x00000000eaeb8000,0x00000000eaf00000)
  to   space 1024K, 0% used [0x00000000eaf80000,0x00000000eaf80000,0x00000000eb080000)
 ParOldGen       total 142848K, used 113910K [0x00000000c0000000, 0x00000000c8b80000, 0x00000000eab00000)
  object space 142848K, 79% used [0x00000000c0000000,0x00000000c6f3dbc8,0x00000000c8b80000)
 Metaspace       used 79465K, committed 80896K, reserved 1179648K
  class space    used 8123K, committed 8704K, reserved 1048576K
}

